<?xml version="1.0" encoding="UTF-8"?>
<!-- Generated by org.testng.reporters.JUnitXMLReporter -->
<testsuite hostname="DESKTOP-COCMUST" ignored="0" name="BrowserType_Chrome" tests="1" failures="1" timestamp="25 Jun 2017 23:49:39 GMT" time="15.895" errors="0">
  <testcase name="TestIteration_001" time="8.993" classname="TestCases.TC_001_CheckItenerary">
    <failure type="org.openqa.selenium.WebDriverException" message="unknown error: Element &amp;lt;div id=&amp;quot;fare_201706...&amp;quot; class=&amp;quot;calDate&amp;quot;&amp;gt;25&amp;lt;/div&amp;gt; is not clickable at point (73, 580). Other element would receive the click: &amp;lt;iframe id=&amp;quot;google_ads_iframe_/34294761/Goibibo_Homepage_Flight_LeftCorner_0&amp;quot; title=&amp;quot;3rd party ad content&amp;quot; name=&amp;quot;google_ads_iframe_/34294761/Goibibo_Homepage_Flight_LeftCorner_0&amp;quot; width=&amp;quot;120&amp;quot; height=&amp;quot;240&amp;quot; scrolling=&amp;quot;no&amp;quot; marginwidth=&amp;quot;0&amp;quot; marginheight=&amp;quot;0&amp;quot; frameborder=&amp;quot;0&amp;quot; srcdoc=&amp;quot;&amp;quot; style=&amp;quot;border: 0px; vertical-align: bottom;&amp;quot;&amp;gt;&amp;lt;/iframe&amp;gt;
  (Session info: chrome=58.0.3029.110)
  (Driver info: chromedriver=2.29.461591 (62ebf098771772160f391d75e589dc567915b233),platform=Windows NT 10.0.15063 x86_64) (WARNING: The server did not provide any stacktrace information)
Command duration or timeout: 64 milliseconds
Build info: version: &amp;apos;3.4.0&amp;apos;, revision: &amp;apos;unknown&amp;apos;, time: &amp;apos;unknown&amp;apos;
System info: host: &amp;apos;DESKTOP-COCMUST&amp;apos;, ip: &amp;apos;192.168.1.90&amp;apos;, os.name: &amp;apos;Windows 10&amp;apos;, os.arch: &amp;apos;amd64&amp;apos;, os.version: &amp;apos;10.0&amp;apos;, java.version: &amp;apos;1.8.0_131&amp;apos;
Driver info: org.openqa.selenium.chrome.ChromeDriver
Capabilities [{applicationCacheEnabled=false, rotatable=false, mobileEmulationEnabled=false, networkConnectionEnabled=false, chrome={chromedriverVersion=2.29.461591 (62ebf098771772160f391d75e589dc567915b233), userDataDir=C:\Users\Loga\AppData\Local\Temp\scoped_dir5176_21898}, takesHeapSnapshot=true, pageLoadStrategy=normal, databaseEnabled=false, handlesAlerts=true, hasTouchScreen=false, version=58.0.3029.110, platform=XP, browserConnectionEnabled=false, nativeEvents=true, acceptSslCerts=true, locationContextEnabled=true, webStorageEnabled=true, browserName=chrome, takesScreenshot=true, javascriptEnabled=true, cssSelectorsEnabled=true, unexpectedAlertBehaviour=}]
Session ID: 6a64dfb9fe4257682703f9c11ff0fe65">
      <![CDATA[org.openqa.selenium.WebDriverException: unknown error: Element <div id="fare_201706..." class="calDate">25</div> is not clickable at point (73, 580). Other element would receive the click: <iframe id="google_ads_iframe_/34294761/Goibibo_Homepage_Flight_LeftCorner_0" title="3rd party ad content" name="google_ads_iframe_/34294761/Goibibo_Homepage_Flight_LeftCorner_0" width="120" height="240" scrolling="no" marginwidth="0" marginheight="0" frameborder="0" srcdoc="" style="border: 0px; vertical-align: bottom;"></iframe>
  (Session info: chrome=58.0.3029.110)
  (Driver info: chromedriver=2.29.461591 (62ebf098771772160f391d75e589dc567915b233),platform=Windows NT 10.0.15063 x86_64) (WARNING: The server did not provide any stacktrace information)
Command duration or timeout: 64 milliseconds
Build info: version: '3.4.0', revision: 'unknown', time: 'unknown'
System info: host: 'DESKTOP-COCMUST', ip: '192.168.1.90', os.name: 'Windows 10', os.arch: 'amd64', os.version: '10.0', java.version: '1.8.0_131'
Driver info: org.openqa.selenium.chrome.ChromeDriver
Capabilities [{applicationCacheEnabled=false, rotatable=false, mobileEmulationEnabled=false, networkConnectionEnabled=false, chrome={chromedriverVersion=2.29.461591 (62ebf098771772160f391d75e589dc567915b233), userDataDir=C:\Users\Loga\AppData\Local\Temp\scoped_dir5176_21898}, takesHeapSnapshot=true, pageLoadStrategy=normal, databaseEnabled=false, handlesAlerts=true, hasTouchScreen=false, version=58.0.3029.110, platform=XP, browserConnectionEnabled=false, nativeEvents=true, acceptSslCerts=true, locationContextEnabled=true, webStorageEnabled=true, browserName=chrome, takesScreenshot=true, javascriptEnabled=true, cssSelectorsEnabled=true, unexpectedAlertBehaviour=}]
Session ID: 6a64dfb9fe4257682703f9c11ff0fe65
	at org.openqa.selenium.remote.ErrorHandler.createThrowable(ErrorHandler.java:215)
	at org.openqa.selenium.remote.ErrorHandler.throwIfResponseFailed(ErrorHandler.java:167)
	at org.openqa.selenium.remote.RemoteWebDriver.execute(RemoteWebDriver.java:671)
	at org.openqa.selenium.remote.RemoteWebElement.execute(RemoteWebElement.java:272)
	at org.openqa.selenium.remote.RemoteWebElement.click(RemoteWebElement.java:82)
	at TestCases.TC_001_CheckItenerary.TestIteration_001(TC_001_CheckItenerary.java:63)
... Removed 29 stack frames]]>
    </failure>
  </testcase> <!-- TestIteration_001 -->
</testsuite> <!-- BrowserType_Chrome -->
